INFO 2022-09-16 14:23:25,498 autoreload 11604 6572 Watching for file changes with StatReloader
WARNING 2022-09-16 14:23:34,860 log 11604 14592 Not Found: /api/episod/1/
WARNING 2022-09-16 14:23:34,861 basehttp 11604 14592 "GET /api/episod/1/ HTTP/1.1" 404 3242
INFO 2022-09-16 14:23:54,123 autoreload 11604 6572 C:\Maki\Python code\Courses\omdb-api\base\settings.py changed, reloading.
INFO 2022-09-16 14:23:55,593 autoreload 13428 13448 Watching for file changes with StatReloader
WARNING 2022-09-16 14:23:56,281 log 13428 5860 Not Found: /api/episod/1/
WARNING 2022-09-16 14:23:56,283 basehttp 13428 5860 "GET /api/episod/1/ HTTP/1.1" 404 3242
WARNING 2022-09-16 14:26:00,545 log 13428 5860 Not Found: /api/episod/1/
WARNING 2022-09-16 14:26:00,546 basehttp 13428 5860 "GET /api/episod/1/ HTTP/1.1" 404 3242
INFO 2022-09-16 14:26:09,012 basehttp 13428 5860 "GET /api/episodes/1/ HTTP/1.1" 200 16892
INFO 2022-09-16 14:26:09,817 basehttp 13428 5860 "GET /api/episodes/1/ HTTP/1.1" 200 16892
INFO 2022-09-16 15:32:12,257 basehttp 13428 9576 "POST /api/token/ HTTP/1.1" 200 483
INFO 2022-09-16 15:33:17,838 autoreload 13428 13448 C:\Maki\Python code\Courses\omdb-api\episodes\views.py changed, reloading.
INFO 2022-09-16 15:33:19,430 autoreload 8896 288 Watching for file changes with StatReloader
INFO 2022-09-16 15:34:14,253 autoreload 8896 288 C:\Maki\Python code\Courses\omdb-api\users\views.py changed, reloading.
INFO 2022-09-16 15:34:15,578 autoreload 11092 10428 Watching for file changes with StatReloader
INFO 2022-09-16 15:34:18,489 autoreload 11092 10428 C:\Maki\Python code\Courses\omdb-api\users\views.py changed, reloading.
INFO 2022-09-16 15:34:19,780 autoreload 12752 15340 Watching for file changes with StatReloader
INFO 2022-09-16 15:34:26,927 autoreload 12752 15340 C:\Maki\Python code\Courses\omdb-api\users\views.py changed, reloading.
INFO 2022-09-16 15:34:28,349 autoreload 11720 11820 Watching for file changes with StatReloader
INFO 2022-09-16 15:34:35,697 autoreload 11720 11820 C:\Maki\Python code\Courses\omdb-api\users\views.py changed, reloading.
INFO 2022-09-16 15:34:37,053 autoreload 11972 5168 Watching for file changes with StatReloader
INFO 2022-09-16 15:57:07,189 autoreload 11972 5168 C:\Maki\Python code\Courses\omdb-api\users\urls.py changed, reloading.
INFO 2022-09-16 15:57:08,616 autoreload 12664 14964 Watching for file changes with StatReloader
INFO 2022-09-16 15:57:32,193 basehttp 12664 9372 "POST /api/token/ HTTP/1.1" 200 483
INFO 2022-09-16 15:58:35,256 basehttp 12664 1612 "POST /api/comments/ HTTP/1.1" 201 77
WARNING 2022-09-16 15:59:06,791 log 12664 9372 Unauthorized: /api/comments/
WARNING 2022-09-16 15:59:06,792 basehttp 12664 9372 "GET /api/comments/ HTTP/1.1" 401 58
INFO 2022-09-16 15:59:13,874 basehttp 12664 9372 "GET /api/comments/ HTTP/1.1" 200 468
INFO 2022-09-16 15:59:42,750 basehttp 12664 9372 "POST /api/token/refresh/ HTTP/1.1" 200 241
INFO 2022-09-16 15:59:51,123 basehttp 12664 9372 "GET /api/comments/ HTTP/1.1" 200 468
INFO 2022-09-16 16:00:00,746 basehttp 12664 9372 "GET /api/comments/ HTTP/1.1" 200 468
WARNING 2022-09-16 16:00:10,262 log 12664 9372 Not Found: /api/logout/
WARNING 2022-09-16 16:00:10,263 basehttp 12664 9372 "POST /api/logout/ HTTP/1.1" 404 3237
ERROR 2022-09-16 16:00:21,455 log 12664 9372 Internal Server Error: /api/users/logout/
Traceback (most recent call last):
  File "C:\Users\maksd\.virtualenvs\Courses-jFOWR8aS\lib\site-packages\django\core\handlers\exception.py", line 55, in inner
    response = get_response(request)
  File "C:\Users\maksd\.virtualenvs\Courses-jFOWR8aS\lib\site-packages\django\core\handlers\base.py", line 197, in _get_response
    response = wrapped_callback(request, *callback_args, **callback_kwargs)
  File "C:\Users\maksd\.virtualenvs\Courses-jFOWR8aS\lib\site-packages\django\views\decorators\csrf.py", line 54, in wrapped_view
    return view_func(*args, **kwargs)
  File "C:\Users\maksd\.virtualenvs\Courses-jFOWR8aS\lib\site-packages\django\views\generic\base.py", line 103, in view
    return self.dispatch(request, *args, **kwargs)
  File "C:\Users\maksd\.virtualenvs\Courses-jFOWR8aS\lib\site-packages\rest_framework\views.py", line 509, in dispatch
    response = self.handle_exception(exc)
  File "C:\Users\maksd\.virtualenvs\Courses-jFOWR8aS\lib\site-packages\rest_framework\views.py", line 469, in handle_exception
    self.raise_uncaught_exception(exc)
  File "C:\Users\maksd\.virtualenvs\Courses-jFOWR8aS\lib\site-packages\rest_framework\views.py", line 480, in raise_uncaught_exception
    raise exc
  File "C:\Users\maksd\.virtualenvs\Courses-jFOWR8aS\lib\site-packages\rest_framework\views.py", line 506, in dispatch
    response = handler(request, *args, **kwargs)
  File "C:\Maki\Python code\Courses\omdb-api\users\views.py", line 38, in post
    token.blacklist()
AttributeError: 'RefreshToken' object has no attribute 'blacklist'
ERROR 2022-09-16 16:00:21,461 basehttp 12664 9372 "POST /api/users/logout/ HTTP/1.1" 500 95529
INFO 2022-09-16 16:00:38,836 autoreload 12664 14964 C:\Maki\Python code\Courses\omdb-api\base\settings.py changed, reloading.
INFO 2022-09-16 16:00:40,389 autoreload 14764 14972 Watching for file changes with StatReloader
ERROR 2022-09-16 16:00:42,766 log 14764 12024 Internal Server Error: /api/users/logout/
Traceback (most recent call last):
  File "C:\Users\maksd\.virtualenvs\Courses-jFOWR8aS\lib\site-packages\django\db\backends\utils.py", line 89, in _execute
    return self.cursor.execute(sql, params)
  File "C:\Users\maksd\.virtualenvs\Courses-jFOWR8aS\lib\site-packages\django\db\backends\sqlite3\base.py", line 357, in execute
    return Database.Cursor.execute(self, query, params)
sqlite3.OperationalError: no such table: token_blacklist_blacklistedtoken

The above exception was the direct cause of the following exception:

Traceback (most recent call last):
  File "C:\Users\maksd\.virtualenvs\Courses-jFOWR8aS\lib\site-packages\django\core\handlers\exception.py", line 55, in inner
    response = get_response(request)
  File "C:\Users\maksd\.virtualenvs\Courses-jFOWR8aS\lib\site-packages\django\core\handlers\base.py", line 197, in _get_response
    response = wrapped_callback(request, *callback_args, **callback_kwargs)
  File "C:\Users\maksd\.virtualenvs\Courses-jFOWR8aS\lib\site-packages\django\views\decorators\csrf.py", line 54, in wrapped_view
    return view_func(*args, **kwargs)
  File "C:\Users\maksd\.virtualenvs\Courses-jFOWR8aS\lib\site-packages\django\views\generic\base.py", line 103, in view
    return self.dispatch(request, *args, **kwargs)
  File "C:\Users\maksd\.virtualenvs\Courses-jFOWR8aS\lib\site-packages\rest_framework\views.py", line 509, in dispatch
    response = self.handle_exception(exc)
  File "C:\Users\maksd\.virtualenvs\Courses-jFOWR8aS\lib\site-packages\rest_framework\views.py", line 469, in handle_exception
    self.raise_uncaught_exception(exc)
  File "C:\Users\maksd\.virtualenvs\Courses-jFOWR8aS\lib\site-packages\rest_framework\views.py", line 480, in raise_uncaught_exception
    raise exc
  File "C:\Users\maksd\.virtualenvs\Courses-jFOWR8aS\lib\site-packages\rest_framework\views.py", line 506, in dispatch
    response = handler(request, *args, **kwargs)
  File "C:\Maki\Python code\Courses\omdb-api\users\views.py", line 37, in post
    token = RefreshToken(refresh_token)
  File "C:\Users\maksd\.virtualenvs\Courses-jFOWR8aS\lib\site-packages\rest_framework_simplejwt\tokens.py", line 47, in __init__
    self.verify()
  File "C:\Users\maksd\.virtualenvs\Courses-jFOWR8aS\lib\site-packages\rest_framework_simplejwt\tokens.py", line 218, in verify
    self.check_blacklist()
  File "C:\Users\maksd\.virtualenvs\Courses-jFOWR8aS\lib\site-packages\rest_framework_simplejwt\tokens.py", line 229, in check_blacklist
    if BlacklistedToken.objects.filter(token__jti=jti).exists():
  File "C:\Users\maksd\.virtualenvs\Courses-jFOWR8aS\lib\site-packages\django\db\models\query.py", line 1225, in exists
    return self.query.has_results(using=self.db)
  File "C:\Users\maksd\.virtualenvs\Courses-jFOWR8aS\lib\site-packages\django\db\models\sql\query.py", line 592, in has_results
    return compiler.has_results()
  File "C:\Users\maksd\.virtualenvs\Courses-jFOWR8aS\lib\site-packages\django\db\models\sql\compiler.py", line 1363, in has_results
    return bool(self.execute_sql(SINGLE))
  File "C:\Users\maksd\.virtualenvs\Courses-jFOWR8aS\lib\site-packages\django\db\models\sql\compiler.py", line 1395, in execute_sql
    cursor.execute(sql, params)
  File "C:\Users\maksd\.virtualenvs\Courses-jFOWR8aS\lib\site-packages\django\db\backends\utils.py", line 103, in execute
    return super().execute(sql, params)
  File "C:\Users\maksd\.virtualenvs\Courses-jFOWR8aS\lib\site-packages\django\db\backends\utils.py", line 67, in execute
    return self._execute_with_wrappers(
  File "C:\Users\maksd\.virtualenvs\Courses-jFOWR8aS\lib\site-packages\django\db\backends\utils.py", line 80, in _execute_with_wrappers
    return executor(sql, params, many, context)
  File "C:\Users\maksd\.virtualenvs\Courses-jFOWR8aS\lib\site-packages\django\db\backends\utils.py", line 89, in _execute
    return self.cursor.execute(sql, params)
  File "C:\Users\maksd\.virtualenvs\Courses-jFOWR8aS\lib\site-packages\django\db\utils.py", line 91, in __exit__
    raise dj_exc_value.with_traceback(traceback) from exc_value
  File "C:\Users\maksd\.virtualenvs\Courses-jFOWR8aS\lib\site-packages\django\db\backends\utils.py", line 89, in _execute
    return self.cursor.execute(sql, params)
  File "C:\Users\maksd\.virtualenvs\Courses-jFOWR8aS\lib\site-packages\django\db\backends\sqlite3\base.py", line 357, in execute
    return Database.Cursor.execute(self, query, params)
django.db.utils.OperationalError: no such table: token_blacklist_blacklistedtoken
ERROR 2022-09-16 16:00:42,780 basehttp 14764 12024 "POST /api/users/logout/ HTTP/1.1" 500 168408
INFO 2022-09-16 16:01:13,234 autoreload 12020 11032 Watching for file changes with StatReloader
INFO 2022-09-16 16:01:16,206 basehttp 12020 7680 "POST /api/users/logout/ HTTP/1.1" 205 0
WARNING 2022-09-16 16:01:23,862 log 12020 7680 Unauthorized: /api/token/refresh/
WARNING 2022-09-16 16:01:23,863 basehttp 12020 7680 "POST /api/token/refresh/ HTTP/1.1" 401 58
INFO 2022-09-16 16:05:37,770 autoreload 12020 11032 C:\Maki\Python code\Courses\omdb-api\users\views.py changed, reloading.
INFO 2022-09-16 16:05:39,306 autoreload 1808 13760 Watching for file changes with StatReloader
INFO 2022-09-16 16:06:31,134 autoreload 1808 13760 C:\Maki\Python code\Courses\omdb-api\base\settings.py changed, reloading.
INFO 2022-09-16 16:06:32,601 autoreload 2868 12104 Watching for file changes with StatReloader
INFO 2022-09-16 16:07:23,397 autoreload 2868 12104 C:\Maki\Python code\Courses\omdb-api\base\settings.py changed, reloading.
INFO 2022-09-16 16:07:24,681 autoreload 4340 13380 Watching for file changes with StatReloader
INFO 2022-09-16 16:20:01,245 autoreload 11904 12612 Watching for file changes with StatReloader
INFO 2022-09-16 16:20:04,616 basehttp 11904 16032 "GET /api/episodes/1/ HTTP/1.1" 200 16892
INFO 2022-09-16 16:20:11,897 basehttp 11904 16032 "GET /api/users/%D0%BA%D1%83%D0%BF%D1%88%D1%96%D0%B5%D1%83%D0%BA HTTP/1.1" 301 0
WARNING 2022-09-16 16:20:11,914 log 11904 16032 Not Found: /api/users/êóïø³åóê/
WARNING 2022-09-16 16:20:11,916 basehttp 11904 16032 "GET /api/users/%D0%BA%D1%83%D0%BF%D1%88%D1%96%D0%B5%D1%83%D0%BA/ HTTP/1.1" 404 15038
INFO 2022-09-16 16:21:54,944 autoreload 11904 12612 C:\Maki\Python code\Courses\omdb-api\base\urls.py changed, reloading.
INFO 2022-09-16 16:21:56,506 autoreload 17812 18308 Watching for file changes with StatReloader
WARNING 2022-09-16 16:22:23,266 log 17812 16908 Not Found: /api/users/êóïø³åóê/
WARNING 2022-09-16 16:22:23,267 basehttp 17812 16908 "GET /api/users/%D0%BA%D1%83%D0%BF%D1%88%D1%96%D0%B5%D1%83%D0%BA/ HTTP/1.1" 404 15038
INFO 2022-09-16 16:22:27,184 autoreload 17812 18308 C:\Maki\Python code\Courses\omdb-api\users\urls.py changed, reloading.
INFO 2022-09-16 16:22:28,735 autoreload 17464 13376 Watching for file changes with StatReloader
WARNING 2022-09-16 16:22:29,228 log 17464 18524 Not Found: /api/users/êóïø³åóê/
WARNING 2022-09-16 16:22:29,230 basehttp 17464 18524 "GET /api/users/%D0%BA%D1%83%D0%BF%D1%88%D1%96%D0%B5%D1%83%D0%BA/ HTTP/1.1" 404 5051
INFO 2022-09-16 16:22:35,939 basehttp 17464 18524 "GET /api/users/register HTTP/1.1" 301 0
WARNING 2022-09-16 16:22:36,004 log 17464 18524 Method Not Allowed: /api/users/register/
WARNING 2022-09-16 16:22:36,005 basehttp 17464 18524 "GET /api/users/register/ HTTP/1.1" 405 13085
INFO 2022-09-16 16:22:41,820 autoreload 17464 13376 C:\Maki\Python code\Courses\omdb-api\users\urls.py changed, reloading.
INFO 2022-09-16 16:22:43,216 autoreload 19168 4532 Watching for file changes with StatReloader
WARNING 2022-09-16 16:22:43,734 log 19168 17128 Not Found: /api/users/register/
WARNING 2022-09-16 16:22:43,735 basehttp 19168 17128 "GET /api/users/register/ HTTP/1.1" 404 14702
INFO 2022-09-16 16:22:46,295 autoreload 19168 4532 C:\Maki\Python code\Courses\omdb-api\users\urls.py changed, reloading.
INFO 2022-09-16 16:22:47,721 autoreload 15480 18600 Watching for file changes with StatReloader
WARNING 2022-09-16 16:22:48,231 log 15480 7576 Method Not Allowed: /api/users/register/
WARNING 2022-09-16 16:22:48,232 basehttp 15480 7576 "GET /api/users/register/ HTTP/1.1" 405 13085
INFO 2022-09-16 16:23:09,343 autoreload 15480 18600 C:\Maki\Python code\Courses\omdb-api\users\urls.py changed, reloading.
INFO 2022-09-16 16:23:10,855 autoreload 18020 10280 Watching for file changes with StatReloader
WARNING 2022-09-16 16:23:11,462 log 18020 14764 Method Not Allowed: /api/users/register/
WARNING 2022-09-16 16:23:11,463 basehttp 18020 14764 "GET /api/users/register/ HTTP/1.1" 405 13085
INFO 2022-09-16 16:23:14,032 basehttp 18020 14764 "GET /api/users/info/ HTTP/1.1" 200 14677
INFO 2022-09-16 16:23:16,981 basehttp 18020 14764 "GET /api/users/info/1 HTTP/1.1" 301 0
INFO 2022-09-16 16:23:16,999 basehttp 18020 14764 "GET /api/users/info/1/ HTTP/1.1" 200 15016
INFO 2022-09-16 16:23:56,775 autoreload 18020 10280 C:\Maki\Python code\Courses\omdb-api\users\serializers.py changed, reloading.
INFO 2022-09-16 16:23:58,252 autoreload 17316 3372 Watching for file changes with StatReloader
INFO 2022-09-16 16:23:59,448 basehttp 17316 15840 "GET /api/users/info/ HTTP/1.1" 200 14398
INFO 2022-09-16 16:24:04,738 autoreload 17316 3372 C:\Maki\Python code\Courses\omdb-api\users\serializers.py changed, reloading.
INFO 2022-09-16 16:24:06,101 autoreload 15920 18884 Watching for file changes with StatReloader
INFO 2022-09-16 16:24:06,589 basehttp 15920 11940 "GET /api/users/info/ HTTP/1.1" 200 14677
INFO 2022-09-16 16:24:08,515 basehttp 15920 11940 "POST /api/users/info/ HTTP/1.1" 201 13541
INFO 2022-09-16 16:24:12,883 basehttp 15920 11940 "GET /api/users/info/ HTTP/1.1" 200 15531
INFO 2022-09-16 16:24:13,342 basehttp 15920 11940 "GET /api/users/info/ HTTP/1.1" 200 15531
INFO 2022-09-16 16:24:15,064 basehttp 15920 11940 "GET /api/users/info/ HTTP/1.1" 200 15531
INFO 2022-09-16 16:24:18,820 basehttp 15920 11940 "GET /api/users/info/?page=2 HTTP/1.1" 200 14586
INFO 2022-09-16 16:24:37,610 autoreload 15920 18884 C:\Maki\Python code\Courses\omdb-api\users\serializers.py changed, reloading.
INFO 2022-09-16 16:24:39,036 autoreload 16656 9144 Watching for file changes with StatReloader
INFO 2022-09-16 16:24:39,674 basehttp 16656 11204 "GET /api/users/info/?page=2 HTTP/1.1" 200 14307
ERROR 2022-09-16 16:24:41,115 log 16656 11204 Internal Server Error: /api/users/info/
Traceback (most recent call last):
  File "C:\Users\maksd\.virtualenvs\Courses-jFOWR8aS\lib\site-packages\django\db\backends\utils.py", line 89, in _execute
    return self.cursor.execute(sql, params)
  File "C:\Users\maksd\.virtualenvs\Courses-jFOWR8aS\lib\site-packages\django\db\backends\sqlite3\base.py", line 357, in execute
    return Database.Cursor.execute(self, query, params)
sqlite3.IntegrityError: UNIQUE constraint failed: users_user.email

The above exception was the direct cause of the following exception:

Traceback (most recent call last):
  File "C:\Users\maksd\.virtualenvs\Courses-jFOWR8aS\lib\site-packages\django\core\handlers\exception.py", line 55, in inner
    response = get_response(request)
  File "C:\Users\maksd\.virtualenvs\Courses-jFOWR8aS\lib\site-packages\django\core\handlers\base.py", line 197, in _get_response
    response = wrapped_callback(request, *callback_args, **callback_kwargs)
  File "C:\Users\maksd\.virtualenvs\Courses-jFOWR8aS\lib\site-packages\django\views\decorators\csrf.py", line 54, in wrapped_view
    return view_func(*args, **kwargs)
  File "C:\Users\maksd\.virtualenvs\Courses-jFOWR8aS\lib\site-packages\rest_framework\viewsets.py", line 125, in view
    return self.dispatch(request, *args, **kwargs)
  File "C:\Users\maksd\.virtualenvs\Courses-jFOWR8aS\lib\site-packages\rest_framework\views.py", line 509, in dispatch
    response = self.handle_exception(exc)
  File "C:\Users\maksd\.virtualenvs\Courses-jFOWR8aS\lib\site-packages\rest_framework\views.py", line 469, in handle_exception
    self.raise_uncaught_exception(exc)
  File "C:\Users\maksd\.virtualenvs\Courses-jFOWR8aS\lib\site-packages\rest_framework\views.py", line 480, in raise_uncaught_exception
    raise exc
  File "C:\Users\maksd\.virtualenvs\Courses-jFOWR8aS\lib\site-packages\rest_framework\views.py", line 506, in dispatch
    response = handler(request, *args, **kwargs)
  File "C:\Users\maksd\.virtualenvs\Courses-jFOWR8aS\lib\site-packages\rest_framework\mixins.py", line 19, in create
    self.perform_create(serializer)
  File "C:\Users\maksd\.virtualenvs\Courses-jFOWR8aS\lib\site-packages\rest_framework\mixins.py", line 24, in perform_create
    serializer.save()
  File "C:\Users\maksd\.virtualenvs\Courses-jFOWR8aS\lib\site-packages\rest_framework\serializers.py", line 212, in save
    self.instance = self.create(validated_data)
  File "C:\Users\maksd\.virtualenvs\Courses-jFOWR8aS\lib\site-packages\rest_framework\serializers.py", line 962, in create
    instance = ModelClass._default_manager.create(**validated_data)
  File "C:\Users\maksd\.virtualenvs\Courses-jFOWR8aS\lib\site-packages\django\db\models\manager.py", line 85, in manager_method
    return getattr(self.get_queryset(), name)(*args, **kwargs)
  File "C:\Users\maksd\.virtualenvs\Courses-jFOWR8aS\lib\site-packages\django\db\models\query.py", line 671, in create
    obj.save(force_insert=True, using=self.db)
  File "C:\Users\maksd\.virtualenvs\Courses-jFOWR8aS\lib\site-packages\django\contrib\auth\base_user.py", line 68, in save
    super().save(*args, **kwargs)
  File "C:\Users\maksd\.virtualenvs\Courses-jFOWR8aS\lib\site-packages\django\db\models\base.py", line 831, in save
    self.save_base(
  File "C:\Users\maksd\.virtualenvs\Courses-jFOWR8aS\lib\site-packages\django\db\models\base.py", line 882, in save_base
    updated = self._save_table(
  File "C:\Users\maksd\.virtualenvs\Courses-jFOWR8aS\lib\site-packages\django\db\models\base.py", line 1025, in _save_table
    results = self._do_insert(
  File "C:\Users\maksd\.virtualenvs\Courses-jFOWR8aS\lib\site-packages\django\db\models\base.py", line 1066, in _do_insert
    return manager._insert(
  File "C:\Users\maksd\.virtualenvs\Courses-jFOWR8aS\lib\site-packages\django\db\models\manager.py", line 85, in manager_method
    return getattr(self.get_queryset(), name)(*args, **kwargs)
  File "C:\Users\maksd\.virtualenvs\Courses-jFOWR8aS\lib\site-packages\django\db\models\query.py", line 1790, in _insert
    return query.get_compiler(using=using).execute_sql(returning_fields)
  File "C:\Users\maksd\.virtualenvs\Courses-jFOWR8aS\lib\site-packages\django\db\models\sql\compiler.py", line 1657, in execute_sql
    cursor.execute(sql, params)
  File "C:\Users\maksd\.virtualenvs\Courses-jFOWR8aS\lib\site-packages\django\db\backends\utils.py", line 103, in execute
    return super().execute(sql, params)
  File "C:\Users\maksd\.virtualenvs\Courses-jFOWR8aS\lib\site-packages\django\db\backends\utils.py", line 67, in execute
    return self._execute_with_wrappers(
  File "C:\Users\maksd\.virtualenvs\Courses-jFOWR8aS\lib\site-packages\django\db\backends\utils.py", line 80, in _execute_with_wrappers
    return executor(sql, params, many, context)
  File "C:\Users\maksd\.virtualenvs\Courses-jFOWR8aS\lib\site-packages\django\db\backends\utils.py", line 89, in _execute
    return self.cursor.execute(sql, params)
  File "C:\Users\maksd\.virtualenvs\Courses-jFOWR8aS\lib\site-packages\django\db\utils.py", line 91, in __exit__
    raise dj_exc_value.with_traceback(traceback) from exc_value
  File "C:\Users\maksd\.virtualenvs\Courses-jFOWR8aS\lib\site-packages\django\db\backends\utils.py", line 89, in _execute
    return self.cursor.execute(sql, params)
  File "C:\Users\maksd\.virtualenvs\Courses-jFOWR8aS\lib\site-packages\django\db\backends\sqlite3\base.py", line 357, in execute
    return Database.Cursor.execute(self, query, params)
django.db.utils.IntegrityError: UNIQUE constraint failed: users_user.email
ERROR 2022-09-16 16:24:41,132 basehttp 16656 11204 "POST /api/users/info/?page=2 HTTP/1.1" 500 208918
INFO 2022-09-16 16:24:45,604 autoreload 16656 9144 C:\Maki\Python code\Courses\omdb-api\users\serializers.py changed, reloading.
INFO 2022-09-16 16:24:47,004 autoreload 19428 16876 Watching for file changes with StatReloader
INFO 2022-09-16 16:25:45,639 autoreload 19428 16876 C:\Maki\Python code\Courses\omdb-api\users\serializers.py changed, reloading.
INFO 2022-09-16 16:25:47,122 autoreload 17048 16688 Watching for file changes with StatReloader
INFO 2022-09-16 16:25:56,504 autoreload 17048 16688 C:\Maki\Python code\Courses\omdb-api\users\serializers.py changed, reloading.
INFO 2022-09-16 16:25:58,185 autoreload 3164 19184 Watching for file changes with StatReloader
INFO 2022-09-16 16:26:44,710 autoreload 3164 19184 C:\Maki\Python code\Courses\omdb-api\users\serializers.py changed, reloading.
INFO 2022-09-16 16:26:46,133 autoreload 15564 18840 Watching for file changes with StatReloader
INFO 2022-09-16 16:26:50,171 autoreload 15564 18840 C:\Maki\Python code\Courses\omdb-api\users\serializers.py changed, reloading.
INFO 2022-09-16 16:26:51,612 autoreload 19304 15480 Watching for file changes with StatReloader
INFO 2022-09-16 16:27:04,339 autoreload 19304 15480 C:\Maki\Python code\Courses\omdb-api\users\serializers.py changed, reloading.
INFO 2022-09-16 16:27:05,830 autoreload 17104 16184 Watching for file changes with StatReloader
INFO 2022-09-16 16:27:09,813 autoreload 17104 16184 C:\Maki\Python code\Courses\omdb-api\users\serializers.py changed, reloading.
INFO 2022-09-16 16:27:11,181 autoreload 18688 16756 Watching for file changes with StatReloader
INFO 2022-09-16 16:28:35,439 autoreload 18688 16756 C:\Maki\Python code\Courses\omdb-api\users\serializers.py changed, reloading.
INFO 2022-09-16 16:28:37,336 autoreload 18316 3164 Watching for file changes with StatReloader
INFO 2022-09-16 16:28:54,005 autoreload 18316 3164 C:\Maki\Python code\Courses\omdb-api\base\settings.py changed, reloading.
INFO 2022-09-16 16:28:55,593 autoreload 16840 19236 Watching for file changes with StatReloader
INFO 2022-09-16 16:30:05,606 basehttp 16840 17492 "GET /api/users/info/?page=2 HTTP/1.1" 200 14307
WARNING 2022-09-16 16:30:17,708 log 16840 17492 Unauthorized: /api/comments/
WARNING 2022-09-16 16:30:17,709 basehttp 16840 17492 "GET /api/comments/?episode=Qwert HTTP/1.1" 401 10080
WARNING 2022-09-16 16:30:30,613 log 16840 3620 Unauthorized: /api/comments/
WARNING 2022-09-16 16:30:30,614 basehttp 16840 3620 "GET /api/comments/?episode=Qwert HTTP/1.1" 401 183
INFO 2022-09-16 16:30:35,572 basehttp 16840 7416 "POST /api/token/ HTTP/1.1" 200 483
INFO 2022-09-16 16:30:49,543 basehttp 16840 3620 "GET /api/comments/?episode=Qwert HTTP/1.1" 200 2
INFO 2022-09-16 16:31:00,297 basehttp 16840 3620 "GET /api/comments HTTP/1.1" 301 0
INFO 2022-09-16 16:31:00,316 basehttp 16840 3620 "GET /api/comments/ HTTP/1.1" 200 468
INFO 2022-09-16 16:31:13,082 basehttp 16840 3620 "GET /api/comments/?episode=1 HTTP/1.1" 200 2
INFO 2022-09-16 16:31:16,359 basehttp 16840 3620 "GET /api/comments/?episode=2 HTTP/1.1" 200 2
INFO 2022-09-16 16:31:33,510 basehttp 16840 7416 "GET /api/episodes/ HTTP/1.1" 200 313
INFO 2022-09-16 16:31:40,550 basehttp 16840 3620 "GET /api/comments/?episode=Qwert555 HTTP/1.1" 200 159
INFO 2022-09-16 16:33:16,225 autoreload 16840 19236 C:\Maki\Python code\Courses\omdb-api\episodes\views.py changed, reloading.
INFO 2022-09-16 16:33:17,642 autoreload 16204 17904 Watching for file changes with StatReloader
INFO 2022-09-16 16:33:28,324 autoreload 16204 17904 C:\Maki\Python code\Courses\omdb-api\episodes\urls.py changed, reloading.
INFO 2022-09-16 16:33:30,027 autoreload 17068 7608 Watching for file changes with StatReloader
INFO 2022-09-16 16:33:36,084 basehttp 17068 18312 "GET /api/comments/1 HTTP/1.1" 301 0
INFO 2022-09-16 16:33:36,147 basehttp 17068 18312 "GET /api/comments/1/ HTTP/1.1" 200 81
INFO 2022-09-16 16:35:19,658 autoreload 17068 7608 C:\Maki\Python code\Courses\omdb-api\episodes\views.py changed, reloading.
INFO 2022-09-16 16:35:21,175 autoreload 19240 16120 Watching for file changes with StatReloader
WARNING 2022-09-16 16:35:36,125 log 19240 5324 Unauthorized: /api/token/
WARNING 2022-09-16 16:35:36,126 basehttp 19240 5324 "POST /api/token/ HTTP/1.1" 401 63
INFO 2022-09-16 16:35:43,084 basehttp 19240 5324 "POST /api/token/ HTTP/1.1" 200 483
INFO 2022-09-16 16:36:03,930 basehttp 19240 15660 "GET /api/comments/1 HTTP/1.1" 301 0
ERROR 2022-09-16 16:36:04,025 log 19240 15660 Internal Server Error: /api/comments/1/
Traceback (most recent call last):
  File "C:\Users\maksd\.virtualenvs\Courses-jFOWR8aS\lib\site-packages\django\core\handlers\exception.py", line 55, in inner
    response = get_response(request)
  File "C:\Users\maksd\.virtualenvs\Courses-jFOWR8aS\lib\site-packages\django\core\handlers\base.py", line 197, in _get_response
    response = wrapped_callback(request, *callback_args, **callback_kwargs)
  File "C:\Users\maksd\.virtualenvs\Courses-jFOWR8aS\lib\site-packages\django\views\decorators\csrf.py", line 54, in wrapped_view
    return view_func(*args, **kwargs)
  File "C:\Users\maksd\.virtualenvs\Courses-jFOWR8aS\lib\site-packages\django\views\generic\base.py", line 103, in view
    return self.dispatch(request, *args, **kwargs)
  File "C:\Users\maksd\.virtualenvs\Courses-jFOWR8aS\lib\site-packages\rest_framework\views.py", line 509, in dispatch
    response = self.handle_exception(exc)
  File "C:\Users\maksd\.virtualenvs\Courses-jFOWR8aS\lib\site-packages\rest_framework\views.py", line 469, in handle_exception
    self.raise_uncaught_exception(exc)
  File "C:\Users\maksd\.virtualenvs\Courses-jFOWR8aS\lib\site-packages\rest_framework\views.py", line 480, in raise_uncaught_exception
    raise exc
  File "C:\Users\maksd\.virtualenvs\Courses-jFOWR8aS\lib\site-packages\rest_framework\views.py", line 506, in dispatch
    response = handler(request, *args, **kwargs)
  File "C:\Users\maksd\.virtualenvs\Courses-jFOWR8aS\lib\site-packages\rest_framework\generics.py", line 282, in get
    return self.retrieve(request, *args, **kwargs)
  File "C:\Users\maksd\.virtualenvs\Courses-jFOWR8aS\lib\site-packages\rest_framework\mixins.py", line 54, in retrieve
    instance = self.get_object()
  File "C:\Users\maksd\.virtualenvs\Courses-jFOWR8aS\lib\site-packages\rest_framework\generics.py", line 99, in get_object
    self.check_object_permissions(self.request, obj)
  File "C:\Users\maksd\.virtualenvs\Courses-jFOWR8aS\lib\site-packages\rest_framework\views.py", line 345, in check_object_permissions
    if not permission.has_object_permission(request, self, obj):
  File "C:\Maki\Python code\Courses\omdb-api\episodes\permissions.py", line 13, in has_object_permission
    return obj.author == request.user or request.user.is_superuser
AttributeError: 'Comment' object has no attribute 'author'
ERROR 2022-09-16 16:36:04,032 basehttp 19240 15660 "GET /api/comments/1/ HTTP/1.1" 500 111998
ERROR 2022-09-16 16:36:14,373 log 19240 15660 Internal Server Error: /api/comments/1/
Traceback (most recent call last):
  File "C:\Users\maksd\.virtualenvs\Courses-jFOWR8aS\lib\site-packages\django\core\handlers\exception.py", line 55, in inner
    response = get_response(request)
  File "C:\Users\maksd\.virtualenvs\Courses-jFOWR8aS\lib\site-packages\django\core\handlers\base.py", line 197, in _get_response
    response = wrapped_callback(request, *callback_args, **callback_kwargs)
  File "C:\Users\maksd\.virtualenvs\Courses-jFOWR8aS\lib\site-packages\django\views\decorators\csrf.py", line 54, in wrapped_view
    return view_func(*args, **kwargs)
  File "C:\Users\maksd\.virtualenvs\Courses-jFOWR8aS\lib\site-packages\django\views\generic\base.py", line 103, in view
    return self.dispatch(request, *args, **kwargs)
  File "C:\Users\maksd\.virtualenvs\Courses-jFOWR8aS\lib\site-packages\rest_framework\views.py", line 509, in dispatch
    response = self.handle_exception(exc)
  File "C:\Users\maksd\.virtualenvs\Courses-jFOWR8aS\lib\site-packages\rest_framework\views.py", line 469, in handle_exception
    self.raise_uncaught_exception(exc)
  File "C:\Users\maksd\.virtualenvs\Courses-jFOWR8aS\lib\site-packages\rest_framework\views.py", line 480, in raise_uncaught_exception
    raise exc
  File "C:\Users\maksd\.virtualenvs\Courses-jFOWR8aS\lib\site-packages\rest_framework\views.py", line 506, in dispatch
    response = handler(request, *args, **kwargs)
  File "C:\Users\maksd\.virtualenvs\Courses-jFOWR8aS\lib\site-packages\rest_framework\generics.py", line 282, in get
    return self.retrieve(request, *args, **kwargs)
  File "C:\Users\maksd\.virtualenvs\Courses-jFOWR8aS\lib\site-packages\rest_framework\mixins.py", line 54, in retrieve
    instance = self.get_object()
  File "C:\Users\maksd\.virtualenvs\Courses-jFOWR8aS\lib\site-packages\rest_framework\generics.py", line 99, in get_object
    self.check_object_permissions(self.request, obj)
  File "C:\Users\maksd\.virtualenvs\Courses-jFOWR8aS\lib\site-packages\rest_framework\views.py", line 345, in check_object_permissions
    if not permission.has_object_permission(request, self, obj):
  File "C:\Maki\Python code\Courses\omdb-api\episodes\permissions.py", line 13, in has_object_permission
    return obj.author == request.user or request.user.is_superuser
AttributeError: 'Comment' object has no attribute 'author'
ERROR 2022-09-16 16:36:14,380 basehttp 19240 15660 "GET /api/comments/1/ HTTP/1.1" 500 111840
INFO 2022-09-16 16:36:33,175 autoreload 19240 16120 C:\Maki\Python code\Courses\omdb-api\episodes\permissions.py changed, reloading.
INFO 2022-09-16 16:36:34,660 autoreload 6844 1352 Watching for file changes with StatReloader
WARNING 2022-09-16 16:36:39,089 log 6844 12448 Forbidden: /api/comments/1/
WARNING 2022-09-16 16:36:39,090 basehttp 6844 12448 "GET /api/comments/1/ HTTP/1.1" 403 63
INFO 2022-09-16 16:40:07,997 autoreload 6844 1352 C:\Maki\Python code\Courses\omdb-api\episodes\views.py changed, reloading.
INFO 2022-09-16 16:40:09,552 autoreload 12008 1664 Watching for file changes with StatReloader
INFO 2022-09-16 16:40:37,617 autoreload 12008 1664 C:\Maki\Python code\Courses\omdb-api\episodes\views.py changed, reloading.
INFO 2022-09-16 16:40:39,157 autoreload 3712 15864 Watching for file changes with StatReloader
INFO 2022-09-16 16:40:46,560 autoreload 3712 15864 C:\Maki\Python code\Courses\omdb-api\episodes\views.py changed, reloading.
INFO 2022-09-16 16:40:48,095 autoreload 8900 11232 Watching for file changes with StatReloader
INFO 2022-09-16 16:43:58,856 autoreload 8900 11232 C:\Maki\Python code\Courses\omdb-api\episodes\views.py changed, reloading.
INFO 2022-09-16 16:44:00,324 autoreload 16416 12616 Watching for file changes with StatReloader
INFO 2022-09-16 16:44:12,069 autoreload 16416 12616 C:\Maki\Python code\Courses\omdb-api\episodes\views.py changed, reloading.
INFO 2022-09-16 16:44:13,568 autoreload 17056 1176 Watching for file changes with StatReloader
INFO 2022-09-16 16:44:15,409 autoreload 17056 1176 C:\Maki\Python code\Courses\omdb-api\episodes\views.py changed, reloading.
INFO 2022-09-16 16:44:16,759 autoreload 13868 17616 Watching for file changes with StatReloader
INFO 2022-09-16 16:44:18,603 autoreload 13868 17616 C:\Maki\Python code\Courses\omdb-api\episodes\views.py changed, reloading.
INFO 2022-09-16 16:44:20,116 autoreload 17052 17584 Watching for file changes with StatReloader
INFO 2022-09-16 16:44:24,199 autoreload 17052 17584 C:\Maki\Python code\Courses\omdb-api\episodes\views.py changed, reloading.
INFO 2022-09-16 16:44:25,678 autoreload 19144 8904 Watching for file changes with StatReloader
INFO 2022-09-16 16:44:29,707 autoreload 19144 8904 C:\Maki\Python code\Courses\omdb-api\episodes\views.py changed, reloading.
INFO 2022-09-16 16:44:31,212 autoreload 17460 13528 Watching for file changes with StatReloader
WARNING 2022-09-16 16:44:41,349 log 17460 17796 Unauthorized: /api/comments/1/
WARNING 2022-09-16 16:44:41,350 basehttp 17460 17796 "GET /api/comments/1/ HTTP/1.1" 401 183
INFO 2022-09-16 16:44:44,491 basehttp 17460 17572 "POST /api/token/ HTTP/1.1" 200 483
ERROR 2022-09-16 16:44:55,627 log 17460 17796 Internal Server Error: /api/comments/1/
Traceback (most recent call last):
  File "C:\Users\maksd\.virtualenvs\Courses-jFOWR8aS\lib\site-packages\django\core\handlers\exception.py", line 55, in inner
    response = get_response(request)
  File "C:\Users\maksd\.virtualenvs\Courses-jFOWR8aS\lib\site-packages\django\core\handlers\base.py", line 197, in _get_response
    response = wrapped_callback(request, *callback_args, **callback_kwargs)
  File "C:\Users\maksd\.virtualenvs\Courses-jFOWR8aS\lib\site-packages\django\views\decorators\csrf.py", line 54, in wrapped_view
    return view_func(*args, **kwargs)
  File "C:\Users\maksd\.virtualenvs\Courses-jFOWR8aS\lib\site-packages\django\views\generic\base.py", line 103, in view
    return self.dispatch(request, *args, **kwargs)
  File "C:\Users\maksd\.virtualenvs\Courses-jFOWR8aS\lib\site-packages\rest_framework\views.py", line 509, in dispatch
    response = self.handle_exception(exc)
  File "C:\Users\maksd\.virtualenvs\Courses-jFOWR8aS\lib\site-packages\rest_framework\views.py", line 469, in handle_exception
    self.raise_uncaught_exception(exc)
  File "C:\Users\maksd\.virtualenvs\Courses-jFOWR8aS\lib\site-packages\rest_framework\views.py", line 480, in raise_uncaught_exception
    raise exc
  File "C:\Users\maksd\.virtualenvs\Courses-jFOWR8aS\lib\site-packages\rest_framework\views.py", line 497, in dispatch
    self.initial(request, *args, **kwargs)
  File "C:\Users\maksd\.virtualenvs\Courses-jFOWR8aS\lib\site-packages\rest_framework\views.py", line 415, in initial
    self.check_permissions(request)
  File "C:\Users\maksd\.virtualenvs\Courses-jFOWR8aS\lib\site-packages\rest_framework\views.py", line 332, in check_permissions
    if not permission.has_permission(request, self):
TypeError: has_permission() missing 1 required positional argument: 'view'
ERROR 2022-09-16 16:44:55,633 basehttp 17460 17796 "GET /api/comments/1/ HTTP/1.1" 500 99753
INFO 2022-09-16 16:45:09,735 autoreload 17460 13528 C:\Maki\Python code\Courses\omdb-api\episodes\views.py changed, reloading.
INFO 2022-09-16 16:45:11,420 autoreload 8024 11932 Watching for file changes with StatReloader
ERROR 2022-09-16 16:45:12,334 log 8024 10688 Internal Server Error: /api/comments/1/
Traceback (most recent call last):
  File "C:\Users\maksd\.virtualenvs\Courses-jFOWR8aS\lib\site-packages\django\core\handlers\exception.py", line 55, in inner
    response = get_response(request)
  File "C:\Users\maksd\.virtualenvs\Courses-jFOWR8aS\lib\site-packages\django\core\handlers\base.py", line 197, in _get_response
    response = wrapped_callback(request, *callback_args, **callback_kwargs)
  File "C:\Users\maksd\.virtualenvs\Courses-jFOWR8aS\lib\site-packages\django\views\decorators\csrf.py", line 54, in wrapped_view
    return view_func(*args, **kwargs)
  File "C:\Users\maksd\.virtualenvs\Courses-jFOWR8aS\lib\site-packages\django\views\generic\base.py", line 103, in view
    return self.dispatch(request, *args, **kwargs)
  File "C:\Users\maksd\.virtualenvs\Courses-jFOWR8aS\lib\site-packages\rest_framework\views.py", line 509, in dispatch
    response = self.handle_exception(exc)
  File "C:\Users\maksd\.virtualenvs\Courses-jFOWR8aS\lib\site-packages\rest_framework\views.py", line 469, in handle_exception
    self.raise_uncaught_exception(exc)
  File "C:\Users\maksd\.virtualenvs\Courses-jFOWR8aS\lib\site-packages\rest_framework\views.py", line 480, in raise_uncaught_exception
    raise exc
  File "C:\Users\maksd\.virtualenvs\Courses-jFOWR8aS\lib\site-packages\rest_framework\views.py", line 497, in dispatch
    self.initial(request, *args, **kwargs)
  File "C:\Users\maksd\.virtualenvs\Courses-jFOWR8aS\lib\site-packages\rest_framework\views.py", line 415, in initial
    self.check_permissions(request)
  File "C:\Users\maksd\.virtualenvs\Courses-jFOWR8aS\lib\site-packages\rest_framework\views.py", line 332, in check_permissions
    if not permission.has_permission(request, self):
TypeError: has_permission() missing 1 required positional argument: 'view'
ERROR 2022-09-16 16:45:12,342 basehttp 8024 10688 "GET /api/comments/1/ HTTP/1.1" 500 99753
INFO 2022-09-16 16:46:14,712 autoreload 8024 11932 C:\Maki\Python code\Courses\omdb-api\episodes\views.py changed, reloading.
INFO 2022-09-16 16:46:16,163 autoreload 9692 17956 Watching for file changes with StatReloader
INFO 2022-09-16 16:46:18,275 basehttp 9692 4804 "GET /api/comments/1/ HTTP/1.1" 200 81
INFO 2022-09-16 16:46:45,733 basehttp 9692 4804 "GET /api/comments/1/ HTTP/1.1" 200 81
ERROR 2022-09-16 16:46:50,724 log 9692 4804 Internal Server Error: /api/comments/1/
Traceback (most recent call last):
  File "C:\Users\maksd\.virtualenvs\Courses-jFOWR8aS\lib\site-packages\django\core\handlers\exception.py", line 55, in inner
    response = get_response(request)
  File "C:\Users\maksd\.virtualenvs\Courses-jFOWR8aS\lib\site-packages\django\core\handlers\base.py", line 197, in _get_response
    response = wrapped_callback(request, *callback_args, **callback_kwargs)
  File "C:\Users\maksd\.virtualenvs\Courses-jFOWR8aS\lib\site-packages\django\views\decorators\csrf.py", line 54, in wrapped_view
    return view_func(*args, **kwargs)
  File "C:\Users\maksd\.virtualenvs\Courses-jFOWR8aS\lib\site-packages\django\views\generic\base.py", line 103, in view
    return self.dispatch(request, *args, **kwargs)
  File "C:\Users\maksd\.virtualenvs\Courses-jFOWR8aS\lib\site-packages\rest_framework\views.py", line 509, in dispatch
    response = self.handle_exception(exc)
  File "C:\Users\maksd\.virtualenvs\Courses-jFOWR8aS\lib\site-packages\rest_framework\views.py", line 469, in handle_exception
    self.raise_uncaught_exception(exc)
  File "C:\Users\maksd\.virtualenvs\Courses-jFOWR8aS\lib\site-packages\rest_framework\views.py", line 480, in raise_uncaught_exception
    raise exc
  File "C:\Users\maksd\.virtualenvs\Courses-jFOWR8aS\lib\site-packages\rest_framework\views.py", line 497, in dispatch
    self.initial(request, *args, **kwargs)
  File "C:\Users\maksd\.virtualenvs\Courses-jFOWR8aS\lib\site-packages\rest_framework\views.py", line 415, in initial
    self.check_permissions(request)
  File "C:\Users\maksd\.virtualenvs\Courses-jFOWR8aS\lib\site-packages\rest_framework\views.py", line 332, in check_permissions
    if not permission.has_permission(request, self):
TypeError: has_permission() missing 1 required positional argument: 'view'
ERROR 2022-09-16 16:46:50,730 basehttp 9692 4804 "PATCH /api/comments/1/ HTTP/1.1" 500 99876
INFO 2022-09-16 16:46:58,202 autoreload 9692 17956 C:\Maki\Python code\Courses\omdb-api\episodes\views.py changed, reloading.
INFO 2022-09-16 16:46:59,777 autoreload 16396 15864 Watching for file changes with StatReloader
WARNING 2022-09-16 16:47:03,426 log 16396 16412 Forbidden: /api/comments/1/
WARNING 2022-09-16 16:47:03,428 basehttp 16396 16412 "PATCH /api/comments/1/ HTTP/1.1" 403 63
WARNING 2022-09-16 16:47:12,992 log 16396 7908 Unauthorized: /api/token/
WARNING 2022-09-16 16:47:12,993 basehttp 16396 7908 "POST /api/token/ HTTP/1.1" 401 63
INFO 2022-09-16 16:47:18,746 basehttp 16396 7908 "POST /api/token/ HTTP/1.1" 200 483
INFO 2022-09-16 16:47:30,035 basehttp 16396 16412 "PATCH /api/comments/1/ HTTP/1.1" 200 77
WARNING 2022-09-16 16:47:52,417 log 16396 7908 Bad Request: /api/comments/1/
WARNING 2022-09-16 16:47:52,417 basehttp 16396 7908 "PUT /api/comments/1/ HTTP/1.1" 400 36
INFO 2022-09-16 16:48:03,197 basehttp 16396 7908 "PUT /api/comments/1/ HTTP/1.1" 200 80
INFO 2022-09-16 16:48:06,213 basehttp 16396 16412 "GET /api/comments/1/ HTTP/1.1" 200 80
INFO 2022-09-16 16:48:09,891 basehttp 16396 16412 "PATCH /api/comments/1/ HTTP/1.1" 200 77
INFO 2022-09-16 16:48:11,895 basehttp 16396 16412 "GET /api/comments/1/ HTTP/1.1" 200 77
INFO 2022-09-16 16:48:32,032 autoreload 16396 15864 C:\Maki\Python code\Courses\omdb-api\episodes\views.py changed, reloading.
INFO 2022-09-16 16:48:33,576 autoreload 19208 1848 Watching for file changes with StatReloader
INFO 2022-09-16 16:48:39,950 autoreload 19208 1848 C:\Maki\Python code\Courses\omdb-api\episodes\views.py changed, reloading.
INFO 2022-09-16 16:48:41,386 autoreload 3648 16276 Watching for file changes with StatReloader
INFO 2022-09-16 16:48:55,232 autoreload 3648 16276 C:\Maki\Python code\Courses\omdb-api\episodes\views.py changed, reloading.
INFO 2022-09-16 16:48:56,783 autoreload 6744 15920 Watching for file changes with StatReloader
INFO 2022-09-16 16:50:12,952 autoreload 6744 15920 C:\Maki\Python code\Courses\omdb-api\episodes\views.py changed, reloading.
INFO 2022-09-16 16:50:14,509 autoreload 17108 3676 Watching for file changes with StatReloader
INFO 2022-09-16 16:50:56,141 autoreload 17108 3676 C:\Maki\Python code\Courses\omdb-api\episodes\views.py changed, reloading.
INFO 2022-09-16 16:50:57,649 autoreload 17616 13412 Watching for file changes with StatReloader
INFO 2022-09-16 16:51:01,695 autoreload 17616 13412 C:\Maki\Python code\Courses\omdb-api\episodes\views.py changed, reloading.
INFO 2022-09-16 16:51:03,172 autoreload 19296 11152 Watching for file changes with StatReloader
INFO 2022-09-16 16:51:22,485 autoreload 19296 11152 C:\Maki\Python code\Courses\omdb-api\episodes\views.py changed, reloading.
INFO 2022-09-16 16:51:23,964 autoreload 17196 18252 Watching for file changes with StatReloader
INFO 2022-09-16 16:51:27,110 basehttp 17196 17340 "PUT /api/comments/1/ HTTP/1.1" 200 80
INFO 2022-09-16 16:51:29,040 basehttp 17196 17340 "PUT /api/comments/1/ HTTP/1.1" 200 80
INFO 2022-09-16 16:51:32,824 basehttp 17196 16888 "GET /api/comments/1/ HTTP/1.1" 200 80
INFO 2022-09-16 16:51:38,952 basehttp 17196 16888 "PATCH /api/comments/1/ HTTP/1.1" 200 77
INFO 2022-09-16 16:51:40,928 basehttp 17196 16888 "GET /api/comments/1/ HTTP/1.1" 200 77
INFO 2022-09-16 16:52:25,470 autoreload 17196 18252 C:\Maki\Python code\Courses\omdb-api\episodes\views.py changed, reloading.
INFO 2022-09-16 16:52:27,649 autoreload 17612 7860 Watching for file changes with StatReloader
INFO 2022-09-16 16:55:00,938 autoreload 17612 7860 C:\Maki\Python code\Courses\omdb-api\episodes\views.py changed, reloading.
INFO 2022-09-16 16:55:02,537 autoreload 14724 19020 Watching for file changes with StatReloader
WARNING 2022-09-16 16:55:06,806 log 14724 12628 Unauthorized: /api/comments/1/
WARNING 2022-09-16 16:55:06,807 basehttp 14724 12628 "GET /api/comments/1/ HTTP/1.1" 401 183
INFO 2022-09-16 16:55:15,281 basehttp 14724 17552 "POST /api/token/ HTTP/1.1" 200 483
INFO 2022-09-16 16:55:28,276 basehttp 14724 12628 "GET /api/comments/1/ HTTP/1.1" 200 77
INFO 2022-09-16 16:56:09,776 autoreload 14724 19020 C:\Maki\Python code\Courses\omdb-api\episodes\views.py changed, reloading.
INFO 2022-09-16 16:56:11,280 autoreload 15416 10040 Watching for file changes with StatReloader
INFO 2022-09-16 16:56:24,151 autoreload 15416 10040 C:\Maki\Python code\Courses\omdb-api\episodes\views.py changed, reloading.
INFO 2022-09-16 16:56:25,629 autoreload 15052 7132 Watching for file changes with StatReloader
INFO 2022-09-16 16:56:55,765 autoreload 15052 7132 C:\Maki\Python code\Courses\omdb-api\episodes\permissions.py changed, reloading.
INFO 2022-09-16 16:56:57,162 autoreload 15156 19236 Watching for file changes with StatReloader
INFO 2022-09-16 16:57:13,161 autoreload 15156 19236 C:\Maki\Python code\Courses\omdb-api\episodes\permissions.py changed, reloading.
INFO 2022-09-16 16:57:14,740 autoreload 10192 16020 Watching for file changes with StatReloader
INFO 2022-09-16 16:57:50,537 autoreload 10192 16020 C:\Maki\Python code\Courses\omdb-api\users\views.py changed, reloading.
INFO 2022-09-16 16:57:52,005 autoreload 7520 16848 Watching for file changes with StatReloader
INFO 2022-09-16 16:57:57,094 autoreload 7520 16848 C:\Maki\Python code\Courses\omdb-api\users\views.py changed, reloading.
INFO 2022-09-16 16:57:58,498 autoreload 17208 16104 Watching for file changes with StatReloader
INFO 2022-09-16 17:01:49,448 autoreload 17208 16104 C:\Maki\Python code\Courses\omdb-api\users\serializers.py changed, reloading.
INFO 2022-09-16 17:01:50,821 autoreload 6816 10192 Watching for file changes with StatReloader
WARNING 2022-09-16 17:02:04,957 log 6816 584 Method Not Allowed: /api/users/register/
WARNING 2022-09-16 17:02:04,959 basehttp 6816 584 "GET /api/users/register/ HTTP/1.1" 405 13085
WARNING 2022-09-16 17:02:14,737 log 6816 584 Bad Request: /api/users/register/
WARNING 2022-09-16 17:02:14,738 basehttp 6816 584 "POST /api/users/register/ HTTP/1.1" 400 13148
WARNING 2022-09-16 17:02:21,252 log 6816 584 Bad Request: /api/users/register/
WARNING 2022-09-16 17:02:21,253 basehttp 6816 584 "POST /api/users/register/ HTTP/1.1" 400 13135
WARNING 2022-09-16 17:02:29,628 log 6816 584 Bad Request: /api/users/register/
WARNING 2022-09-16 17:02:29,629 basehttp 6816 584 "POST /api/users/register/ HTTP/1.1" 400 13034
INFO 2022-09-16 17:04:03,230 basehttp 6816 584 "GET /admin/episodes/comment/ HTTP/1.1" 200 9376
INFO 2022-09-16 17:04:03,403 basehttp 6816 584 "GET /static/admin/css/base.css HTTP/1.1" 304 0
INFO 2022-09-16 17:04:03,403 basehttp 6816 17208 "GET /static/admin/css/dark_mode.css HTTP/1.1" 304 0
INFO 2022-09-16 17:04:03,408 basehttp 6816 584 "GET /static/admin/css/nav_sidebar.css HTTP/1.1" 304 0
INFO 2022-09-16 17:04:03,409 basehttp 6816 17208 "GET /static/admin/css/changelists.css HTTP/1.1" 304 0
INFO 2022-09-16 17:04:03,420 basehttp 6816 584 "GET /static/admin/js/vendor/jquery/jquery.js HTTP/1.1" 304 0
INFO 2022-09-16 17:04:03,425 basehttp 6816 17208 "GET /admin/jsi18n/ HTTP/1.1" 200 3343
INFO 2022-09-16 17:04:03,426 basehttp 6816 584 "GET /static/admin/css/responsive.css HTTP/1.1" 304 0
INFO 2022-09-16 17:04:03,430 basehttp 6816 17208 "GET /static/admin/css/fonts.css HTTP/1.1" 304 0
INFO 2022-09-16 17:04:03,432 basehttp 6816 584 "GET /static/admin/js/jquery.init.js HTTP/1.1" 304 0
INFO 2022-09-16 17:04:03,434 basehttp 6816 17208 "GET /static/admin/js/actions.js HTTP/1.1" 304 0
INFO 2022-09-16 17:04:03,437 basehttp 6816 584 "GET /static/admin/js/core.js HTTP/1.1" 304 0
INFO 2022-09-16 17:04:03,438 basehttp 6816 17208 "GET /static/admin/js/admin/RelatedObjectLookups.js HTTP/1.1" 304 0
INFO 2022-09-16 17:04:03,443 basehttp 6816 584 "GET /static/admin/js/urlify.js HTTP/1.1" 304 0
INFO 2022-09-16 17:04:03,443 basehttp 6816 17208 "GET /static/admin/js/prepopulate.js HTTP/1.1" 304 0
INFO 2022-09-16 17:04:03,447 basehttp 6816 584 "GET /static/admin/js/vendor/xregexp/xregexp.js HTTP/1.1" 304 0
INFO 2022-09-16 17:04:03,462 basehttp 6816 584 "GET /static/admin/js/nav_sidebar.js HTTP/1.1" 304 0
INFO 2022-09-16 17:04:03,466 basehttp 6816 584 "GET /static/admin/js/filters.js HTTP/1.1" 304 0
INFO 2022-09-16 17:04:03,495 basehttp 6816 584 "GET /static/admin/img/icon-addlink.svg HTTP/1.1" 304 0
INFO 2022-09-16 17:04:03,517 basehttp 6816 584 "GET /static/admin/fonts/Roboto-Regular-webfont.woff HTTP/1.1" 304 0
INFO 2022-09-16 17:04:03,517 basehttp 6816 17208 "GET /static/admin/fonts/Roboto-Light-webfont.woff HTTP/1.1" 304 0
INFO 2022-09-16 17:04:03,522 basehttp 6816 584 "GET /static/admin/fonts/Roboto-Bold-webfont.woff HTTP/1.1" 304 0
INFO 2022-09-16 17:04:03,523 basehttp 6816 17208 "GET /static/admin/img/tooltag-add.svg HTTP/1.1" 304 0
INFO 2022-09-16 17:04:08,749 basehttp 6816 17208 "GET /admin/users/user/ HTTP/1.1" 200 9984
INFO 2022-09-16 17:04:08,901 basehttp 6816 17208 "GET /admin/jsi18n/ HTTP/1.1" 200 3343
WARNING 2022-09-16 17:04:29,293 log 6816 14452 Bad Request: /api/users/register/
WARNING 2022-09-16 17:04:29,294 basehttp 6816 14452 "POST /api/users/register/ HTTP/1.1" 400 178
WARNING 2022-09-16 17:04:47,241 log 6816 14452 Bad Request: /api/users/register/
WARNING 2022-09-16 17:04:47,242 basehttp 6816 14452 "POST /api/users/register/ HTTP/1.1" 400 59
WARNING 2022-09-16 17:04:52,558 log 6816 14452 Bad Request: /api/users/register/
WARNING 2022-09-16 17:04:52,559 basehttp 6816 14452 "POST /api/users/register/ HTTP/1.1" 400 2
INFO 2022-09-16 17:05:03,178 autoreload 6816 10192 C:\Maki\Python code\Courses\omdb-api\users\views.py changed, reloading.
INFO 2022-09-16 17:05:04,655 autoreload 18756 16412 Watching for file changes with StatReloader
WARNING 2022-09-16 17:05:12,511 log 18756 18960 Bad Request: /api/users/register/
WARNING 2022-09-16 17:05:12,512 basehttp 18756 18960 "POST /api/users/register/ HTTP/1.1" 400 105
ERROR 2022-09-16 17:05:19,123 log 18756 18960 Internal Server Error: /api/users/register/
Traceback (most recent call last):
  File "C:\Users\maksd\.virtualenvs\Courses-jFOWR8aS\lib\site-packages\django\core\handlers\exception.py", line 55, in inner
    response = get_response(request)
  File "C:\Users\maksd\.virtualenvs\Courses-jFOWR8aS\lib\site-packages\django\core\handlers\base.py", line 197, in _get_response
    response = wrapped_callback(request, *callback_args, **callback_kwargs)
  File "C:\Users\maksd\.virtualenvs\Courses-jFOWR8aS\lib\site-packages\django\views\decorators\csrf.py", line 54, in wrapped_view
    return view_func(*args, **kwargs)
  File "C:\Users\maksd\.virtualenvs\Courses-jFOWR8aS\lib\site-packages\django\views\generic\base.py", line 103, in view
    return self.dispatch(request, *args, **kwargs)
  File "C:\Users\maksd\.virtualenvs\Courses-jFOWR8aS\lib\site-packages\rest_framework\views.py", line 511, in dispatch
    self.response = self.finalize_response(request, response, *args, **kwargs)
  File "C:\Users\maksd\.virtualenvs\Courses-jFOWR8aS\lib\site-packages\rest_framework\views.py", line 423, in finalize_response
    assert isinstance(response, HttpResponseBase), (
AssertionError: Expected a `Response`, `HttpResponse` or `HttpStreamingResponse` to be returned from the view, but received a `<class 'NoneType'>`
ERROR 2022-09-16 17:05:19,128 basehttp 18756 18960 "POST /api/users/register/ HTTP/1.1" 500 83065
INFO 2022-09-16 17:06:14,887 autoreload 18756 16412 C:\Maki\Python code\Courses\omdb-api\users\views.py changed, reloading.
INFO 2022-09-16 17:06:16,245 autoreload 16800 17136 Watching for file changes with StatReloader
ERROR 2022-09-16 17:06:41,227 log 16800 18248 Internal Server Error: /api/users/register/
Traceback (most recent call last):
  File "C:\Users\maksd\.virtualenvs\Courses-jFOWR8aS\lib\site-packages\django\core\handlers\exception.py", line 55, in inner
    response = get_response(request)
  File "C:\Users\maksd\.virtualenvs\Courses-jFOWR8aS\lib\site-packages\django\core\handlers\base.py", line 197, in _get_response
    response = wrapped_callback(request, *callback_args, **callback_kwargs)
  File "C:\Users\maksd\.virtualenvs\Courses-jFOWR8aS\lib\site-packages\django\views\decorators\csrf.py", line 54, in wrapped_view
    return view_func(*args, **kwargs)
  File "C:\Users\maksd\.virtualenvs\Courses-jFOWR8aS\lib\site-packages\django\views\generic\base.py", line 103, in view
    return self.dispatch(request, *args, **kwargs)
  File "C:\Users\maksd\.virtualenvs\Courses-jFOWR8aS\lib\site-packages\rest_framework\views.py", line 511, in dispatch
    self.response = self.finalize_response(request, response, *args, **kwargs)
  File "C:\Users\maksd\.virtualenvs\Courses-jFOWR8aS\lib\site-packages\rest_framework\views.py", line 423, in finalize_response
    assert isinstance(response, HttpResponseBase), (
AssertionError: Expected a `Response`, `HttpResponse` or `HttpStreamingResponse` to be returned from the view, but received a `<class 'NoneType'>`
ERROR 2022-09-16 17:06:41,234 basehttp 16800 18248 "POST /api/users/register/ HTTP/1.1" 500 83065
INFO 2022-09-16 17:07:53,011 autoreload 16800 17136 C:\Maki\Python code\Courses\omdb-api\users\views.py changed, reloading.
INFO 2022-09-16 17:07:54,780 autoreload 16648 18340 Watching for file changes with StatReloader
WARNING 2022-09-16 17:07:56,088 log 16648 18756 Bad Request: /api/users/register/
WARNING 2022-09-16 17:07:56,089 basehttp 16648 18756 "POST /api/users/register/ HTTP/1.1" 400 105
ERROR 2022-09-16 17:08:00,426 log 16648 18756 Internal Server Error: /api/users/register/
Traceback (most recent call last):
  File "C:\Users\maksd\.virtualenvs\Courses-jFOWR8aS\lib\site-packages\django\core\handlers\exception.py", line 55, in inner
    response = get_response(request)
  File "C:\Users\maksd\.virtualenvs\Courses-jFOWR8aS\lib\site-packages\django\core\handlers\base.py", line 197, in _get_response
    response = wrapped_callback(request, *callback_args, **callback_kwargs)
  File "C:\Users\maksd\.virtualenvs\Courses-jFOWR8aS\lib\site-packages\django\views\decorators\csrf.py", line 54, in wrapped_view
    return view_func(*args, **kwargs)
  File "C:\Users\maksd\.virtualenvs\Courses-jFOWR8aS\lib\site-packages\django\views\generic\base.py", line 103, in view
    return self.dispatch(request, *args, **kwargs)
  File "C:\Users\maksd\.virtualenvs\Courses-jFOWR8aS\lib\site-packages\rest_framework\views.py", line 511, in dispatch
    self.response = self.finalize_response(request, response, *args, **kwargs)
  File "C:\Users\maksd\.virtualenvs\Courses-jFOWR8aS\lib\site-packages\rest_framework\views.py", line 423, in finalize_response
    assert isinstance(response, HttpResponseBase), (
AssertionError: Expected a `Response`, `HttpResponse` or `HttpStreamingResponse` to be returned from the view, but received a `<class 'NoneType'>`
ERROR 2022-09-16 17:08:00,432 basehttp 16648 18756 "POST /api/users/register/ HTTP/1.1" 500 83067
INFO 2022-09-16 17:10:13,591 autoreload 16648 18340 C:\Maki\Python code\Courses\omdb-api\users\views.py changed, reloading.
INFO 2022-09-16 17:10:15,272 autoreload 16004 9380 Watching for file changes with StatReloader
WARNING 2022-09-16 17:10:16,000 log 16004 6744 Bad Request: /api/users/register/
WARNING 2022-09-16 17:10:16,002 basehttp 16004 6744 "POST /api/users/register/ HTTP/1.1" 400 105
INFO 2022-09-16 17:10:25,158 basehttp 16004 6744 "POST /api/users/register/ HTTP/1.1" 200 58
INFO 2022-09-16 17:10:36,699 basehttp 16004 11232 "GET /admin/users/user/ HTTP/1.1" 200 10981
INFO 2022-09-16 17:10:36,905 basehttp 16004 11232 "GET /admin/jsi18n/ HTTP/1.1" 200 3343
INFO 2022-09-16 17:10:48,932 basehttp 16004 11232 "POST /admin/users/user/ HTTP/1.1" 200 8178
INFO 2022-09-16 17:10:49,119 basehttp 16004 11232 "GET /static/admin/js/cancel.js HTTP/1.1" 200 884
INFO 2022-09-16 17:10:50,302 basehttp 16004 11232 "POST /admin/users/user/ HTTP/1.1" 302 0
INFO 2022-09-16 17:10:50,331 basehttp 16004 11232 "GET /admin/users/user/ HTTP/1.1" 200 8854
INFO 2022-09-16 17:10:50,505 basehttp 16004 11232 "GET /admin/jsi18n/ HTTP/1.1" 200 3343
INFO 2022-09-16 17:10:50,543 basehttp 16004 11232 "GET /static/admin/img/icon-yes.svg HTTP/1.1" 304 0
WARNING 2022-09-16 17:11:20,879 log 16004 11232 Bad Request: /api/users/register/
WARNING 2022-09-16 17:11:20,880 basehttp 16004 11232 "POST /api/users/register/ HTTP/1.1" 400 13470
WARNING 2022-09-16 17:11:25,526 log 16004 11232 Bad Request: /api/users/register/
WARNING 2022-09-16 17:11:25,527 basehttp 16004 11232 "POST /api/users/register/ HTTP/1.1" 400 13148
WARNING 2022-09-16 17:11:34,583 log 16004 11232 Bad Request: /api/users/register/
WARNING 2022-09-16 17:11:34,584 basehttp 16004 11232 "POST /api/users/register/ HTTP/1.1" 400 13255
INFO 2022-09-16 17:11:40,090 basehttp 16004 11232 "POST /api/users/register/ HTTP/1.1" 200 13216
INFO 2022-09-16 17:12:06,187 autoreload 16004 9380 C:\Maki\Python code\Courses\omdb-api\users\views.py changed, reloading.
INFO 2022-09-16 17:12:07,584 autoreload 11936 10628 Watching for file changes with StatReloader
INFO 2022-09-16 17:13:10,711 autoreload 11936 10628 C:\Maki\Python code\Courses\omdb-api\users\serializers.py changed, reloading.
INFO 2022-09-16 17:13:12,133 autoreload 6844 4492 Watching for file changes with StatReloader
INFO 2022-09-16 17:14:03,233 autoreload 6844 4492 C:\Maki\Python code\Courses\omdb-api\base\settings.py changed, reloading.
INFO 2022-09-16 17:14:04,901 autoreload 15784 10560 Watching for file changes with StatReloader
